2022-05-26 15:00:11,391 INFO o.a.j.u.JMeterUtils: Setting Locale to uk_UA
2022-05-26 15:00:11,402 ERROR o.a.j.u.JMeterUtils: Could not find resources for 'uk_UA'
2022-05-26 15:00:11,402 INFO o.a.j.JMeter: Loading user properties from: C:\tools\apache-jmeter-5.4.3\bin\user.properties
2022-05-26 15:00:11,403 INFO o.a.j.JMeter: Loading system properties from: C:\tools\apache-jmeter-5.4.3\bin\system.properties
2022-05-26 15:00:11,411 INFO o.a.j.JMeter: Copyright (c) 1998-2021 The Apache Software Foundation
2022-05-26 15:00:11,411 INFO o.a.j.JMeter: Version 5.4.3
2022-05-26 15:00:11,411 INFO o.a.j.JMeter: java.version=1.8.0_281
2022-05-26 15:00:11,411 INFO o.a.j.JMeter: java.vm.name=Java HotSpot(TM) 64-Bit Server VM
2022-05-26 15:00:11,411 INFO o.a.j.JMeter: os.name=Windows 10
2022-05-26 15:00:11,411 INFO o.a.j.JMeter: os.arch=amd64
2022-05-26 15:00:11,411 INFO o.a.j.JMeter: os.version=10.0
2022-05-26 15:00:11,411 INFO o.a.j.JMeter: file.encoding=Cp1251
2022-05-26 15:00:11,411 INFO o.a.j.JMeter: java.awt.headless=true
2022-05-26 15:00:11,411 INFO o.a.j.JMeter: Max memory     =3780640768
2022-05-26 15:00:11,411 INFO o.a.j.JMeter: Available Processors =8
2022-05-26 15:00:11,417 INFO o.a.j.JMeter: Default Locale=українська (Україна)
2022-05-26 15:00:11,418 INFO o.a.j.JMeter: JMeter  Locale=українська (Україна)
2022-05-26 15:00:11,418 INFO o.a.j.JMeter: JMeterHome=C:\tools\apache-jmeter-5.4.3
2022-05-26 15:00:11,418 INFO o.a.j.JMeter: user.dir  =C:\Users\User\Desktop\AQA_Framework
2022-05-26 15:00:11,419 INFO o.a.j.JMeter: PWD       =C:\Users\User\Desktop\AQA_Framework
2022-05-26 15:00:15,957 INFO o.a.j.JMeter: IP: 192.168.56.1 Name: Home FullName: Home
2022-05-26 15:00:15,960 ERROR o.a.j.JMeter: An error occurred: 
java.lang.IllegalArgumentException: Cannot write to 'C:\Users\User\Desktop\AQA_Framework\report' as folder is not empty
	at org.apache.jorphan.util.JOrphanUtils.canSafelyWriteToFolder(JOrphanUtils.java:663) ~[jorphan.jar:5.4.3]
	at org.apache.jorphan.util.JOrphanUtils.canSafelyWriteToFolder(JOrphanUtils.java:619) ~[jorphan.jar:5.4.3]
	at org.apache.jmeter.JMeter.extractAndSetReportOutputFolder(JMeter.java:609) ~[ApacheJMeter_core.jar:5.4.3]
	at org.apache.jmeter.JMeter.start(JMeter.java:556) [ApacheJMeter_core.jar:5.4.3]
	at sun.reflect.NativeMethodAccessorImpl.invoke0(Native Method) ~[?:1.8.0_281]
	at sun.reflect.NativeMethodAccessorImpl.invoke(Unknown Source) ~[?:1.8.0_281]
	at sun.reflect.DelegatingMethodAccessorImpl.invoke(Unknown Source) ~[?:1.8.0_281]
	at java.lang.reflect.Method.invoke(Unknown Source) ~[?:1.8.0_281]
	at org.apache.jmeter.NewDriver.main(NewDriver.java:254) [ApacheJMeter.jar:5.4.3]
